Total 2000
Atualizado 1996
Falha 4
-------------------
Tempo de execução:
-------------------
  Hora: 0
  Minuto: 7
  Segundo: 424.636
-------------------
CEP fail list
-------------------
{ success: false,
  message: 'CEP not found or parse error',
  cep: '01139970' }
{ success: false,
  message: 'CEP not found or parse error',
  cep: '01145000' }
{ success: false,
  message: 'CEP not found or parse error',
  cep: '01145010' }
{ success: false,
  message: 'CEP not found or parse error',
  cep: '01314970' }
